Results generated by BModes (v1.03.01, 25-Sept-2007, compiled using double precision) on 05-May-2025 at 14:08:55.
Created 05-May-2025 14:08:55.                                                                      
=================================================================================

            rotating blade frequencies & mode shapes
            --- only first  20 modes printed


 -------- Mode No.   1  (freq = 0.73104E+00 Hz)

span_loc	flap disp	flap slope	lag disp	lag slope	twist

 0.0000	 0.000000	 0.000000	 0.000000	 0.000000	 0.000000
 0.0250	 	 	 	 	-0.000026
 0.0500	 0.000051	 0.002068	 0.000009	 0.000344	-0.000052
 0.0750	 	 	 	 	-0.000087
 0.1000	 0.000222	 0.004839	 0.000038	 0.000847	-0.000122
 0.1250	 	 	 	 	-0.000198
 0.1500	 0.000584	 0.009884	 0.000103	 0.001780	-0.000275
 0.1750	 	 	 	 	-0.000389
 0.2000	 0.001214	 0.015736	 0.000216	 0.002845	-0.000503
 0.2250	 	 	 	 	-0.000641
 0.2500	 0.002135	 0.021782	 0.000384	 0.003994	-0.000777
 0.2750	 	 	 	 	-0.001169
 0.3000	 0.003392	 0.029416	 0.000617	 0.005442	-0.001553
 0.3250	 	 	 	 	-0.002632
 0.3500	 0.005042	 0.037754	 0.000920	 0.006919	-0.003681
 0.3750	 	 	 	 	-0.004840
 0.4000	 0.007110	 0.046530	 0.001296	 0.008380	-0.005954
 0.4250	 	 	 	 	-0.007205
 0.4500	 0.009648	 0.056831	 0.001747	 0.009948	-0.008391
 0.4750	 	 	 	 	-0.009692
 0.5000	 0.012790	 0.071025	 0.002283	 0.011837	-0.010910
 0.5250	 	 	 	 	-0.012384
 0.5500	 0.016787	 0.091502	 0.002921	 0.014103	-0.013745
 0.5750	 	 	 	 	-0.015715
 0.6000	 0.022036	 0.121558	 0.003682	 0.016774	-0.017520
 0.6250	 	 	 	 	-0.020033
 0.6500	 0.029142	 0.166460	 0.004584	 0.019765	-0.022321
 0.6750	 	 	 	 	-0.025626
 0.7000	 0.038528	 0.214214	 0.005619	 0.022272	-0.028597
 0.7250	 	 	 	 	-0.033027
 0.7500	 0.050419	 0.267906	 0.006767	 0.024359	-0.036985
 0.7750	 	 	 	 	-0.041805
 0.8000	 0.064872	 0.318372	 0.007997	 0.025754	-0.046008
 0.8250	 	 	 	 	-0.050624
 0.8500	 0.081497	 0.356686	 0.009280	 0.026555	-0.054431
 0.8750	 	 	 	 	-0.060153
 0.9000	 0.099733	 0.384066	 0.010598	 0.027184	-0.064449
 0.9250	 	 	 	 	-0.068715
 0.9500	 0.118972	 0.398300	 0.011937	 0.027435	-0.071073
 0.9750	 	 	 	 	-0.076983
 1.0000	 0.139025	 0.413434	 0.013286	 0.027605	-0.079039


 -------- Mode No.   2  (freq = 0.10766E+01 Hz)

span_loc	flap disp	flap slope	lag disp	lag slope	twist

 0.0000	 0.000000	 0.000000	 0.000000	 0.000000	 0.000000
 0.0250	 	 	 	 	-0.000013
 0.0500	-0.000017	-0.000668	 0.000225	 0.009055	-0.000026
 0.0750	 	 	 	 	-0.000043
 0.1000	-0.000056	-0.000955	 0.000904	 0.018522	-0.000060
 0.1250	 	 	 	 	-0.000098
 0.1500	-0.000110	-0.001232	 0.002208	 0.034476	-0.000135
 0.1750	 	 	 	 	-0.000191
 0.2000	-0.000184	-0.001802	 0.004375	 0.053663	-0.000245
 0.2250	 	 	 	 	-0.000309
 0.2500	-0.000269	-0.001685	 0.007410	 0.070000	-0.000370
 0.2750	 	 	 	 	-0.000536
 0.3000	-0.000331	-0.000993	 0.011248	 0.086362	-0.000689
 0.3250	 	 	 	 	-0.001086
 0.3500	-0.000374	-0.000841	 0.015923	 0.104165	-0.001438
 0.3750	 	 	 	 	-0.001783
 0.4000	-0.000416	-0.000973	 0.021448	 0.121037	-0.002067
 0.4250	 	 	 	 	-0.002327
 0.4500	-0.000472	-0.001426	 0.027780	 0.137094	-0.002514
 0.4750	 	 	 	 	-0.002650
 0.5000	-0.000567	-0.002663	 0.034903	 0.153314	-0.002710
 0.5250	 	 	 	 	-0.002697
 0.5500	-0.000768	-0.005818	 0.042817	 0.169336	-0.002605
 0.5750	 	 	 	 	-0.002356
 0.6000	-0.001232	-0.013349	 0.051590	 0.188231	-0.002024
 0.6250	 	 	 	 	-0.001422
 0.6500	-0.002265	-0.028782	 0.061316	 0.208097	-0.000753
 0.6750	 	 	 	 	 0.000390
 0.7000	-0.004196	-0.049571	 0.072083	 0.230517	 0.001569
 0.7250	 	 	 	 	 0.003535
 0.7500	-0.007336	-0.077529	 0.084041	 0.256297	 0.005449
 0.7750	 	 	 	 	 0.007953
 0.8000	-0.011907	-0.107164	 0.097181	 0.278646	 0.010268
 0.8250	 	 	 	 	 0.012942
 0.8500	-0.017807	-0.131457	 0.111245	 0.294219	 0.015246
 0.8750	 	 	 	 	 0.018847
 0.9000	-0.024756	-0.149732	 0.126052	 0.308457	 0.021644
 0.9250	 	 	 	 	 0.024513
 0.9500	-0.032390	-0.159653	 0.141332	 0.314292	 0.026146
 0.9750	 	 	 	 	 0.030365
 1.0000	-0.040606	-0.170591	 0.156868	 0.318412	 0.031852


 -------- Mode No.   3  (freq = 0.16076E+01 Hz)

span_loc	flap disp	flap slope	lag disp	lag slope	twist

 0.0000	 0.000000	 0.000000	 0.000000	 0.000000	 0.000000
 0.0250	 	 	 	 	-0.000143
 0.0500	 0.000082	 0.003298	-0.000005	-0.000183	-0.000285
 0.0750	 	 	 	 	-0.000474
 0.1000	 0.000348	 0.007462	-0.000013	-0.000168	-0.000663
 0.1250	 	 	 	 	-0.001079
 0.1500	 0.000893	 0.014579	-0.000018	-0.000062	-0.001494
 0.1750	 	 	 	 	-0.002113
 0.2000	 0.001800	 0.022229	-0.000022	-0.000076	-0.002726
 0.2250	 	 	 	 	-0.003466
 0.2500	 0.003068	 0.029306	-0.000020	 0.000134	-0.004190
 0.2750	 	 	 	 	-0.006242
 0.3000	 0.004701	 0.037039	-0.000002	 0.000534	-0.008225
 0.3250	 	 	 	 	-0.013698
 0.3500	 0.006696	 0.044012	 0.000029	 0.000678	-0.018905
 0.3750	 	 	 	 	-0.024510
 0.4000	 0.008997	 0.049497	 0.000062	 0.000646	-0.029723
 0.4250	 	 	 	 	-0.035359
 0.4500	 0.011529	 0.053411	 0.000090	 0.000438	-0.040454
 0.4750	 	 	 	 	-0.045743
 0.5000	 0.014197	 0.054865	 0.000101	-0.000068	-0.050375
 0.5250	 	 	 	 	-0.055548
 0.5500	 0.016803	 0.050648	 0.000073	-0.001102	-0.059880
 0.5750	 	 	 	 	-0.065437
 0.6000	 0.018909	 0.034401	-0.000029	-0.003051	-0.069832
 0.6250	 	 	 	 	-0.074902
 0.6500	 0.019622	-0.005937	-0.000255	-0.006078	-0.078517
 0.6750	 	 	 	 	-0.082216
 0.7000	 0.017831	-0.066616	-0.000640	-0.009415	-0.084147
 0.7250	 	 	 	 	-0.084981
 0.7500	 0.012345	-0.154752	-0.001191	-0.012741	-0.084055
 0.7750	 	 	 	 	-0.080931
 0.8000	 0.002155	-0.256099	-0.001882	-0.015224	-0.076598
 0.8250	 	 	 	 	-0.070118
 0.8500	-0.012791	-0.346893	-0.002669	-0.016738	-0.063449
 0.8750	 	 	 	 	-0.051537
 0.9000	-0.031846	-0.421460	-0.003523	-0.017950	-0.041349
 0.9250	 	 	 	 	-0.030027
 0.9500	-0.053813	-0.465472	-0.004418	-0.018455	-0.023132
 0.9750	 	 	 	 	-0.003991
 1.0000	-0.078490	-0.517314	-0.005334	-0.018803	 0.002986


 -------- Mode No.   4  (freq = 0.30925E+01 Hz)

span_loc	flap disp	flap slope	lag disp	lag slope	twist

 0.0000	 0.000000	 0.000000	 0.000000	 0.000000	 0.000000
 0.0250	 	 	 	 	 0.000201
 0.0500	-0.000037	-0.001446	-0.000189	-0.007497	 0.000401
 0.0750	 	 	 	 	 0.000667
 0.1000	-0.000162	-0.003578	-0.000738	-0.014642	 0.000931
 0.1250	 	 	 	 	 0.001513
 0.1500	-0.000425	-0.006976	-0.001722	-0.025066	 0.002089
 0.1750	 	 	 	 	 0.002940
 0.2000	-0.000843	-0.009883	-0.003211	-0.035130	 0.003770
 0.2250	 	 	 	 	 0.004747
 0.2500	-0.001386	-0.012052	-0.005096	-0.041307	 0.005670
 0.2750	 	 	 	 	 0.008169
 0.3000	-0.002012	-0.013179	-0.007213	-0.044564	 0.010453
 0.3250	 	 	 	 	 0.016347
 0.3500	-0.002642	-0.012198	-0.009405	-0.044284	 0.021501
 0.3750	 	 	 	 	 0.026483
 0.4000	-0.003164	-0.008861	-0.011478	-0.039857	 0.030514
 0.4250	 	 	 	 	 0.034133
 0.4500	-0.003442	-0.002359	-0.013226	-0.031086	 0.036648
 0.4750	 	 	 	 	 0.038384
 0.5000	-0.003266	 0.009442	-0.014410	-0.017003	 0.039056
 0.5250	 	 	 	 	 0.038729
 0.5500	-0.002321	 0.028340	-0.014763	 0.002587	 0.037424
 0.5750	 	 	 	 	 0.034217
 0.6000	-0.000269	 0.053329	-0.013904	 0.032032	 0.030282
 0.6250	 	 	 	 	 0.023722
 0.6500	 0.003044	 0.077712	-0.011388	 0.069726	 0.017166
 0.6750	 	 	 	 	 0.007413
 0.7000	 0.007003	 0.078950	-0.006740	 0.118376	-0.000998
 0.7250	 	 	 	 	-0.012225
 0.7500	 0.010053	 0.040732	 0.000673	 0.181372	-0.020454
 0.7750	 	 	 	 	-0.027582
 0.8000	 0.010081	-0.040875	 0.011142	 0.242288	-0.030845
 0.8250	 	 	 	 	-0.030691
 0.8500	 0.005494	-0.142280	 0.024262	 0.289237	-0.027250
 0.8750	 	 	 	 	-0.016800
 0.9000	-0.004268	-0.245573	 0.039744	 0.336358	-0.005116
 0.9250	 	 	 	 	 0.010506
 0.9500	-0.018435	-0.317702	 0.056855	 0.357468	 0.021430
 0.9750	 	 	 	 	 0.056050
 1.0000	-0.037463	-0.413355	 0.074940	 0.373514	 0.069409


 -------- Mode No.   5  (freq = 0.34188E+01 Hz)

span_loc	flap disp	flap slope	lag disp	lag slope	twist

 0.0000	 0.000000	 0.000000	 0.000000	 0.000000	 0.000000
 0.0250	 	 	 	 	 0.000239
 0.0500	-0.000084	-0.003307	 0.000034	 0.001347	 0.000478
 0.0750	 	 	 	 	 0.000794
 0.1000	-0.000342	-0.007071	 0.000127	 0.002412	 0.001109
 0.1250	 	 	 	 	 0.001800
 0.1500	-0.000833	-0.012721	 0.000282	 0.003859	 0.002486
 0.1750	 	 	 	 	 0.003499
 0.2000	-0.001588	-0.017722	 0.000509	 0.005312	 0.004488
 0.2250	 	 	 	 	 0.005655
 0.2500	-0.002544	-0.020926	 0.000789	 0.006058	 0.006760
 0.2750	 	 	 	 	 0.009761
 0.3000	-0.003613	-0.022308	 0.001095	 0.006400	 0.012510
 0.3250	 	 	 	 	 0.019606
 0.3500	-0.004679	-0.020747	 0.001410	 0.006410	 0.025794
 0.3750	 	 	 	 	 0.031736
 0.4000	-0.005583	-0.015777	 0.001716	 0.005989	 0.036468
 0.4250	 	 	 	 	 0.040574
 0.4500	-0.006131	-0.006305	 0.001992	 0.005190	 0.043208
 0.4750	 	 	 	 	 0.044649
 0.5000	-0.006022	 0.010707	 0.002221	 0.004046	 0.044601
 0.5250	 	 	 	 	 0.042812
 0.5500	-0.004802	 0.038231	 0.002386	 0.002533	 0.039584
 0.5750	 	 	 	 	 0.032762
 0.6000	-0.001920	 0.076851	 0.002435	-0.000812	 0.024806
 0.6250	 	 	 	 	 0.011775
 0.6500	 0.003017	 0.118798	 0.002262	-0.006539	-0.001251
 0.6750	 	 	 	 	-0.020851
 0.7000	 0.009291	 0.129745	 0.001691	-0.016777	-0.038136
 0.7250	 	 	 	 	-0.062033
 0.7500	 0.014726	 0.084070	 0.000484	-0.031919	-0.080525
 0.7750	 	 	 	 	-0.098229
 0.8000	 0.016092	-0.032280	-0.001477	-0.047232	-0.108557
 0.8250	 	 	 	 	-0.113247
 0.8500	 0.010544	-0.189595	-0.004108	-0.059105	-0.111069
 0.8750	 	 	 	 	-0.097975
 0.9000	-0.003299	-0.359366	-0.007330	-0.070830	-0.080878
 0.9250	 	 	 	 	-0.056183
 0.9500	-0.024555	-0.483123	-0.010961	-0.076156	-0.038071
 0.9750	 	 	 	 	 0.021648
 1.0000	-0.054325	-0.651753	-0.014836	-0.080189	 0.045053


 -------- Mode No.   6  (freq = 0.57443E+01 Hz)

span_loc	flap disp	flap slope	lag disp	lag slope	twist

 0.0000	 0.000000	 0.000000	 0.000000	 0.000000	 0.000000
 0.0250	 	 	 	 	 0.000433
 0.0500	-0.000096	-0.003730	-0.000021	-0.000821	 0.000866
 0.0750	 	 	 	 	 0.001437
 0.1000	-0.000382	-0.007715	-0.000084	-0.001709	 0.002003
 0.1250	 	 	 	 	 0.003237
 0.1500	-0.000895	-0.012795	-0.000198	-0.002837	 0.004448
 0.1750	 	 	 	 	 0.006207
 0.2000	-0.001609	-0.015803	-0.000356	-0.003486	 0.007879
 0.2250	 	 	 	 	 0.009775
 0.2500	-0.002393	-0.015657	-0.000528	-0.003422	 0.011467
 0.2750	 	 	 	 	 0.015718
 0.3000	-0.003068	-0.011348	-0.000675	-0.002444	 0.019228
 0.3250	 	 	 	 	 0.027055
 0.3500	-0.003419	-0.002635	-0.000750	-0.000584	 0.032534
 0.3750	 	 	 	 	 0.036093
 0.4000	-0.003249	 0.009590	-0.000719	 0.001867	 0.037054
 0.4250	 	 	 	 	 0.035407
 0.4500	-0.002385	 0.025195	-0.000554	 0.004715	 0.031416
 0.4750	 	 	 	 	 0.024691
 0.5000	-0.000654	 0.043993	-0.000243	 0.007717	 0.016673
 0.5250	 	 	 	 	 0.005523
 0.5500	 0.001967	 0.060022	 0.000199	 0.009925	-0.005304
 0.5750	 	 	 	 	-0.020493
 0.6000	 0.004979	 0.058419	 0.000700	 0.010049	-0.032671
 0.6250	 	 	 	 	-0.045558
 0.6500	 0.006866	 0.014492	 0.001119	 0.006821	-0.052316
 0.6750	 	 	 	 	-0.053589
 0.7000	 0.005645	-0.062320	 0.001313	 0.001185	-0.046860
 0.7250	 	 	 	 	-0.026042
 0.7500	 0.000421	-0.138984	 0.001183	-0.006058	-0.000509
 0.7750	 	 	 	 	 0.035842
 0.8000	-0.006811	-0.137762	 0.000707	-0.012927	 0.068079
 0.8250	 	 	 	 	 0.099640
 0.8500	-0.010953	-0.018970	-0.000073	-0.018468	 0.118463
 0.8750	 	 	 	 	 0.130191
 0.9000	-0.006313	 0.201066	-0.001150	-0.024729	 0.123234
 0.9250	 	 	 	 	 0.096337
 0.9500	 0.009806	 0.420847	-0.002452	-0.027752	 0.067871
 0.9750	 	 	 	 	-0.053704
 1.0000	 0.043455	 0.782843	-0.003902	-0.030285	-0.106113


 -------- Mode No.   7  (freq = 0.70522E+01 Hz)

span_loc	flap disp	flap slope	lag disp	lag slope	twist

 0.0000	 0.000000	 0.000000	 0.000000	 0.000000	 0.000000
 0.0250	 	 	 	 	-0.000169
 0.0500	-0.000044	-0.001705	 0.000323	 0.012558	-0.000337
 0.0750	 	 	 	 	-0.000559
 0.1000	-0.000156	-0.002817	 0.001201	 0.022618	-0.000778
 0.1250	 	 	 	 	-0.001255
 0.1500	-0.000326	-0.004027	 0.002609	 0.033643	-0.001719
 0.1750	 	 	 	 	-0.002387
 0.2000	-0.000546	-0.004816	 0.004420	 0.038801	-0.003014
 0.2250	 	 	 	 	-0.003712
 0.2500	-0.000787	-0.004914	 0.006271	 0.035610	-0.004321
 0.2750	 	 	 	 	-0.005817
 0.3000	-0.001027	-0.004769	 0.007772	 0.024746	-0.007055
 0.3250	 	 	 	 	-0.009958
 0.3500	-0.001235	-0.003609	 0.008519	 0.005135	-0.012292
 0.3750	 	 	 	 	-0.014429
 0.4000	-0.001364	-0.001442	 0.008171	-0.019449	-0.016213
 0.4250	 	 	 	 	-0.018115
 0.4500	-0.001354	 0.002052	 0.006549	-0.046188	-0.020034
 0.4750	 	 	 	 	-0.022492
 0.5000	-0.001112	 0.007935	 0.003597	-0.073008	-0.025309
 0.5250	 	 	 	 	-0.029480
 0.5500	-0.000497	 0.016888	-0.000562	-0.094801	-0.034053
 0.5750	 	 	 	 	-0.041544
 0.6000	 0.000608	 0.026745	-0.005624	-0.108863	-0.048800
 0.6250	 	 	 	 	-0.058712
 0.6500	 0.001992	 0.026524	-0.010929	-0.104291	-0.066639
 0.6750	 	 	 	 	-0.075199
 0.7000	 0.002789	 0.003595	-0.015265	-0.069290	-0.079205
 0.7250	 	 	 	 	-0.078768
 0.7500	 0.001832	-0.041133	-0.016690	 0.012988	-0.072850
 0.7750	 	 	 	 	-0.059512
 0.8000	-0.001144	-0.071972	-0.013227	 0.126295	-0.044365
 0.8250	 	 	 	 	-0.026245
 0.8500	-0.004260	-0.045180	-0.004146	 0.237947	-0.012866
 0.8750	 	 	 	 	 0.000445
 0.9000	-0.004132	 0.052461	 0.011194	 0.372661	 0.002005
 0.9250	 	 	 	 	-0.008805
 0.9500	 0.001869	 0.175697	 0.031560	 0.443346	-0.024224
 0.9750	 	 	 	 	-0.100931
 1.0000	 0.018648	 0.403546	 0.055447	 0.503335	-0.135695


 -------- Mode No.   8  (freq = 0.84727E+01 Hz)

span_loc	flap disp	flap slope	lag disp	lag slope	twist

 0.0000	 0.000000	 0.000000	 0.000000	 0.000000	 0.000000
 0.0250	 	 	 	 	 0.000484
 0.0500	-0.000096	-0.003691	-0.000002	-0.000091	 0.000965
 0.0750	 	 	 	 	 0.001598
 0.1000	-0.000370	-0.007243	-0.000013	-0.000336	 0.002220
 0.1250	 	 	 	 	 0.003560
 0.1500	-0.000828	-0.010895	-0.000038	-0.000613	 0.004850
 0.1750	 	 	 	 	 0.006668
 0.2000	-0.001394	-0.011597	-0.000069	-0.000625	 0.008318
 0.2250	 	 	 	 	 0.010056
 0.2500	-0.001903	-0.008690	-0.000093	-0.000304	 0.011427
 0.2750	 	 	 	 	 0.014267
 0.3000	-0.002155	-0.001253	-0.000087	 0.000554	 0.015911
 0.3250	 	 	 	 	 0.017231
 0.3500	-0.001958	 0.009233	-0.000036	 0.001501	 0.015379
 0.3750	 	 	 	 	 0.010064
 0.4000	-0.001227	 0.020014	 0.000058	 0.002219	 0.002236
 0.4250	 	 	 	 	-0.008949
 0.4500	-0.000007	 0.028579	 0.000176	 0.002413	-0.020929
 0.4750	 	 	 	 	-0.034518
 0.5000	 0.001482	 0.030254	 0.000279	 0.001591	-0.046506
 0.5250	 	 	 	 	-0.058791
 0.5500	 0.002661	 0.015884	 0.000301	-0.000789	-0.066889
 0.5750	 	 	 	 	-0.072689
 0.6000	 0.002508	-0.021749	 0.000162	-0.004638	-0.072177
 0.6250	 	 	 	 	-0.063688
 0.6500	 0.000049	-0.071680	-0.000165	-0.007997	-0.050770
 0.6750	 	 	 	 	-0.028323
 0.7000	-0.003842	-0.075800	-0.000564	-0.007607	-0.009603
 0.7250	 	 	 	 	 0.009723
 0.7500	-0.005894	-0.000683	-0.000825	-0.002804	 0.014889
 0.7750	 	 	 	 	 0.003068
 0.8000	-0.002963	 0.110294	-0.000786	 0.004168	-0.022309
 0.8250	 	 	 	 	-0.063821
 0.8500	 0.003631	 0.134354	-0.000412	 0.010693	-0.103289
 0.8750	 	 	 	 	-0.159065
 0.9000	 0.007097	-0.010896	 0.000325	 0.018469	-0.187172
 0.9250	 	 	 	 	-0.188136
 0.9500	-0.000521	-0.274019	 0.001349	 0.022484	-0.163940
 0.9750	 	 	 	 	 0.007765
 1.0000	-0.034007	-0.836148	 0.002576	 0.025988	 0.092338


 -------- Mode No.   9  (freq = 0.10634E+02 Hz)

span_loc	flap disp	flap slope	lag disp	lag slope	twist

 0.0000	 0.000000	 0.000000	 0.000000	 0.000000	 0.000000
 0.0250	 	 	 	 	-0.000044
 0.0500	-0.000004	-0.000137	-0.000002	-0.000067	-0.000087
 0.0750	 	 	 	 	-0.000144
 0.1000	-0.000014	-0.000275	-0.000007	-0.000123	-0.000201
 0.1250	 	 	 	 	-0.000326
 0.1500	-0.000032	-0.000434	-0.000014	-0.000176	-0.000452
 0.1750	 	 	 	 	-0.000642
 0.2000	-0.000055	-0.000506	-0.000023	-0.000181	-0.000838
 0.2250	 	 	 	 	-0.001088
 0.2500	-0.000080	-0.000481	-0.000031	-0.000138	-0.001351
 0.2750	 	 	 	 	-0.002167
 0.3000	-0.000101	-0.000389	-0.000036	-0.000055	-0.003031
 0.3250	 	 	 	 	-0.005642
 0.3500	-0.000118	-0.000344	-0.000036	 0.000045	-0.008327
 0.3750	 	 	 	 	-0.011418
 0.4000	-0.000137	-0.000471	-0.000032	 0.000119	-0.014464
 0.4250	 	 	 	 	-0.017937
 0.4500	-0.000170	-0.000877	-0.000025	 0.000143	-0.021248
 0.4750	 	 	 	 	-0.024914
 0.5000	-0.000232	-0.001680	-0.000019	 0.000105	-0.028421
 0.5250	 	 	 	 	-0.032808
 0.5500	-0.000344	-0.002794	-0.000016	 0.000018	-0.037074
 0.5750	 	 	 	 	-0.043671
 0.6000	-0.000508	-0.003673	-0.000017	-0.000059	-0.050216
 0.6250	 	 	 	 	-0.060184
 0.6500	-0.000685	-0.003344	-0.000021	-0.000073	-0.070124
 0.6750	 	 	 	 	-0.085848
 0.7000	-0.000815	-0.002017	-0.000024	-0.000045	-0.101143
 0.7250	 	 	 	 	-0.125480
 0.7500	-0.000897	-0.001799	-0.000025	-0.000009	-0.148078
 0.7750	 	 	 	 	-0.176199
 0.8000	-0.001045	-0.004493	-0.000024	 0.000057	-0.200804
 0.8250	 	 	 	 	-0.227694
 0.8500	-0.001340	-0.006910	-0.000019	 0.000178	-0.249765
 0.8750	 	 	 	 	-0.283181
 0.9000	-0.001618	-0.003317	-0.000004	 0.000393	-0.308743
 0.9250	 	 	 	 	-0.335129
 0.9500	-0.001489	 0.008042	 0.000019	 0.000541	-0.350768
 0.9750	 	 	 	 	-0.396421
 1.0000	-0.000032	 0.037980	 0.000051	 0.000685	-0.414002


 -------- Mode No.  10  (freq = 0.11544E+02 Hz)

span_loc	flap disp	flap slope	lag disp	lag slope	twist

 0.0000	 0.000000	 0.000000	 0.000000	 0.000000	 0.000000
 0.0250	 	 	 	 	 0.000472
 0.0500	-0.000062	-0.002387	-0.000025	-0.000961	 0.000942
 0.0750	 	 	 	 	 0.001554
 0.1000	-0.000236	-0.004482	-0.000093	-0.001728	 0.002150
 0.1250	 	 	 	 	 0.003415
 0.1500	-0.000504	-0.006014	-0.000195	-0.002286	 0.004611
 0.1750	 	 	 	 	 0.006248
 0.2000	-0.000785	-0.005081	-0.000303	-0.001969	 0.007672
 0.2250	 	 	 	 	 0.009073
 0.2500	-0.000957	-0.001661	-0.000373	-0.000812	 0.010053
 0.2750	 	 	 	 	 0.011666
 0.3000	-0.000889	 0.004444	-0.000366	 0.001124	 0.012101
 0.3250	 	 	 	 	 0.010344
 0.3500	-0.000506	 0.010755	-0.000257	 0.003205	 0.006251
 0.3750	 	 	 	 	-0.000180
 0.4000	 0.000129	 0.014390	-0.000061	 0.004588	-0.007226
 0.4250	 	 	 	 	-0.014929
 0.4500	 0.000821	 0.012872	 0.000173	 0.004707	-0.020784
 0.4750	 	 	 	 	-0.024475
 0.5000	 0.001225	 0.002951	 0.000368	 0.003091	-0.024534
 0.5250	 	 	 	 	-0.019881
 0.5500	 0.000889	-0.015717	 0.000439	-0.000098	-0.011306
 0.5750	 	 	 	 	 0.006229
 0.6000	-0.000371	-0.031474	 0.000334	-0.003819	 0.024798
 0.6250	 	 	 	 	 0.050661
 0.6500	-0.001682	-0.015763	 0.000085	-0.005833	 0.070563
 0.6750	 	 	 	 	 0.090151
 0.7000	-0.001214	 0.034160	-0.000210	-0.005970	 0.098143
 0.7250	 	 	 	 	 0.097665
 0.7500	 0.001625	 0.069267	-0.000473	-0.004550	 0.092334
 0.7750	 	 	 	 	 0.088293
 0.8000	 0.004100	 0.019310	-0.000614	-0.000943	 0.095101
 0.8250	 	 	 	 	 0.121031
 0.8500	 0.002541	-0.075131	-0.000521	 0.004757	 0.159634
 0.8750	 	 	 	 	 0.240428
 0.9000	-0.002046	-0.084301	-0.000036	 0.014351	 0.307081
 0.9250	 	 	 	 	 0.362928
 0.9500	-0.002313	 0.076934	 0.000853	 0.020700	 0.371949
 0.9750	 	 	 	 	 0.264771
 1.0000	 0.019202	 0.580085	 0.002091	 0.026865	 0.194857


 -------- Mode No.  11  (freq = 0.12603E+02 Hz)

span_loc	flap disp	flap slope	lag disp	lag slope	twist

 0.0000	 0.000000	 0.000000	 0.000000	 0.000000	 0.000000
 0.0250	 	 	 	 	-0.000025
 0.0500	 0.000101	 0.003852	-0.000355	-0.013550	-0.000049
 0.0750	 	 	 	 	-0.000080
 0.1000	 0.000363	 0.006536	-0.001262	-0.022472	-0.000108
 0.1250	 	 	 	 	-0.000161
 0.1500	 0.000739	 0.008327	-0.002542	-0.028084	-0.000199
 0.1750	 	 	 	 	-0.000221
 0.2000	 0.001128	 0.007038	-0.003840	-0.023145	-0.000191
 0.2250	 	 	 	 	-0.000069
 0.2500	 0.001387	 0.003222	-0.004675	-0.009876	 0.000164
 0.2750	 	 	 	 	 0.001207
 0.3000	 0.001399	-0.002859	-0.004687	 0.009641	 0.002663
 0.3250	 	 	 	 	 0.008067
 0.3500	 0.001073	-0.010125	-0.003617	 0.033332	 0.014428
 0.3750	 	 	 	 	 0.022345
 0.4000	 0.000432	-0.015428	-0.001482	 0.052208	 0.030314
 0.4250	 	 	 	 	 0.038994
 0.4500	-0.000371	-0.016409	 0.001338	 0.060631	 0.046124
 0.4750	 	 	 	 	 0.051918
 0.5000	-0.001040	-0.009911	 0.004212	 0.054177	 0.054705
 0.5250	 	 	 	 	 0.054107
 0.5500	-0.001124	 0.006492	 0.006329	 0.030301	 0.049570
 0.5750	 	 	 	 	 0.037543
 0.6000	-0.000220	 0.027687	 0.006668	-0.016810	 0.022975
 0.6250	 	 	 	 	 0.000571
 0.6500	 0.001344	 0.029713	 0.004320	-0.076164	-0.017995
 0.6750	 	 	 	 	-0.037214
 0.7000	 0.001978	-0.006527	-0.000915	-0.129626	-0.044307
 0.7250	 	 	 	 	-0.038666
 0.7500	 0.000362	-0.051444	-0.007761	-0.136988	-0.023058
 0.7750	 	 	 	 	 0.002231
 0.8000	-0.002060	-0.034250	-0.012838	-0.059844	 0.021220
 0.8250	 	 	 	 	 0.030266
 0.8500	-0.001825	 0.042869	-0.012391	 0.079075	 0.023325
 0.8750	 	 	 	 	-0.010080
 0.9000	 0.001678	 0.077683	-0.002445	 0.309394	-0.045081
 0.9250	 	 	 	 	-0.076648
 0.9500	 0.003017	-0.032526	 0.017098	 0.459349	-0.077511
 0.9750	 	 	 	 	 0.032523
 1.0000	-0.012844	-0.438857	 0.044859	 0.605005	 0.100269


 -------- Mode No.  12  (freq = 0.15097E+02 Hz)

span_loc	flap disp	flap slope	lag disp	lag slope	twist

 0.0000	 0.000000	 0.000000	 0.000000	 0.000000	 0.000000
 0.0250	 	 	 	 	 0.000770
 0.0500	-0.000109	-0.004125	-0.000020	-0.000755	 0.001531
 0.0750	 	 	 	 	 0.002514
 0.1000	-0.000400	-0.007313	-0.000074	-0.001374	 0.003450
 0.1250	 	 	 	 	 0.005378
 0.1500	-0.000809	-0.008626	-0.000151	-0.001623	 0.007116
 0.1750	 	 	 	 	 0.009315
 0.2000	-0.001166	-0.005292	-0.000218	-0.000956	 0.010972
 0.2250	 	 	 	 	 0.012168
 0.2500	-0.001260	 0.001672	-0.000231	 0.000449	 0.012397
 0.2750	 	 	 	 	 0.010414
 0.3000	-0.000937	 0.011012	-0.000161	 0.002272	 0.006205
 0.3250	 	 	 	 	-0.010578
 0.3500	-0.000231	 0.016507	-0.000021	 0.003192	-0.029385
 0.3750	 	 	 	 	-0.050108
 0.4000	 0.000536	 0.013284	 0.000124	 0.002465	-0.067053
 0.4250	 	 	 	 	-0.079987
 0.4500	 0.000870	-0.000436	 0.000188	 0.000070	-0.084508
 0.4750	 	 	 	 	-0.080412
 0.5000	 0.000270	-0.022532	 0.000103	-0.003264	-0.069199
 0.5250	 	 	 	 	-0.049177
 0.5500	-0.001302	-0.036415	-0.000120	-0.005193	-0.028877
 0.5750	 	 	 	 	-0.003398
 0.6000	-0.002626	-0.011745	-0.000338	-0.003175	 0.010379
 0.6250	 	 	 	 	 0.011170
 0.6500	-0.001404	 0.056305	-0.000353	 0.002179	-0.003896
 0.6750	 	 	 	 	-0.040422
 0.7000	 0.002067	 0.067219	-0.000146	 0.005450	-0.071920
 0.7250	 	 	 	 	-0.096789
 0.7500	 0.003025	-0.034420	 0.000129	 0.005341	-0.087896
 0.7750	 	 	 	 	-0.036955
 0.8000	-0.001232	-0.110029	 0.000340	 0.003162	 0.028074
 0.8250	 	 	 	 	 0.098820
 0.8500	-0.004318	 0.007961	 0.000407	-0.000569	 0.132882
 0.8750	 	 	 	 	 0.121943
 0.9000	 0.001154	 0.176983	 0.000175	-0.008594	 0.069060
 0.9250	 	 	 	 	-0.005321
 0.9500	 0.007610	 0.038227	-0.000430	-0.015057	-0.018910
 0.9750	 	 	 	 	 0.214868
 1.0000	-0.019750	-0.803607	-0.001427	-0.022201	 0.373512


 -------- Mode No.  13  (freq = 0.19228E+02 Hz)

span_loc	flap disp	flap slope	lag disp	lag slope	twist

 0.0000	 0.000000	 0.000000	 0.000000	 0.000000	 0.000000
 0.0250	 	 	 	 	 0.000982
 0.0500	-0.000089	-0.003337	-0.000179	-0.006688	 0.001947
 0.0750	 	 	 	 	 0.003174
 0.1000	-0.000323	-0.005746	-0.000612	-0.010327	 0.004309
 0.1250	 	 	 	 	 0.006547
 0.1500	-0.000620	-0.005645	-0.001140	-0.010237	 0.008437
 0.1750	 	 	 	 	 0.010552
 0.2000	-0.000801	-0.001299	-0.001496	-0.003497	 0.011760
 0.2250	 	 	 	 	 0.011925
 0.2500	-0.000698	 0.005375	-0.001437	 0.006005	 0.010691
 0.2750	 	 	 	 	 0.003701
 0.3000	-0.000265	 0.011117	-0.000896	 0.015382	-0.005493
 0.3250	 	 	 	 	-0.034312
 0.3500	 0.000252	 0.008318	 0.000007	 0.020147	-0.060330
 0.3750	 	 	 	 	-0.081950
 0.4000	 0.000371	-0.004229	 0.000933	 0.016359	-0.092371
 0.4250	 	 	 	 	-0.090905
 0.4500	-0.000276	-0.020717	 0.001465	 0.004769	-0.078403
 0.4750	 	 	 	 	-0.056892
 0.5000	-0.001542	-0.026578	 0.001302	-0.010838	-0.035953
 0.5250	 	 	 	 	-0.017209
 0.5500	-0.002284	-0.000024	 0.000438	-0.022948	-0.012218
 0.5750	 	 	 	 	-0.026584
 0.6000	-0.000908	 0.049549	-0.000848	-0.027664	-0.055485
 0.6250	 	 	 	 	-0.104780
 0.6500	 0.001698	 0.037959	-0.002066	-0.020419	-0.139430
 0.6750	 	 	 	 	-0.153096
 0.7000	 0.001072	-0.060224	-0.002509	 0.003628	-0.126103
 0.7250	 	 	 	 	-0.042297
 0.7500	-0.003004	-0.071112	-0.001307	 0.042852	 0.034435
 0.7750	 	 	 	 	 0.088836
 0.8000	-0.002470	 0.093090	 0.001408	 0.060394	 0.082496
 0.8250	 	 	 	 	 0.023201
 0.8500	 0.003768	 0.107547	 0.003807	 0.030980	-0.031478
 0.8750	 	 	 	 	-0.051036
 0.9000	 0.002596	-0.148951	 0.002909	-0.066694	 0.020876
 0.9250	 	 	 	 	 0.181166
 0.9500	-0.006937	-0.147614	-0.002795	-0.152474	 0.264643
 0.9750	 	 	 	 	 0.152819
 1.0000	 0.016269	 0.747993	-0.013754	-0.249574	 0.001262


 -------- Mode No.  14  (freq = 0.19548E+02 Hz)

span_loc	flap disp	flap slope	lag disp	lag slope	twist

 0.0000	 0.000000	 0.000000	 0.000000	 0.000000	 0.000000
 0.0250	 	 	 	 	 0.000863
 0.0500	-0.000172	-0.006409	 0.000177	 0.006629	 0.001710
 0.0750	 	 	 	 	 0.002785
 0.1000	-0.000601	-0.010381	 0.000597	 0.009880	 0.003771
 0.1250	 	 	 	 	 0.005691
 0.1500	-0.001133	-0.010193	 0.001098	 0.009701	 0.007273
 0.1750	 	 	 	 	 0.008943
 0.2000	-0.001473	-0.002894	 0.001437	 0.003395	 0.009726
 0.2250	 	 	 	 	 0.009399
 0.2500	-0.001353	 0.007706	 0.001401	-0.005049	 0.007705
 0.2750	 	 	 	 	-0.000568
 0.3000	-0.000705	 0.017393	 0.000934	-0.013716	-0.011026
 0.3250	 	 	 	 	-0.043347
 0.3500	 0.000192	 0.016987	 0.000072	-0.020502	-0.072314
 0.3750	 	 	 	 	-0.096101
 0.4000	 0.000719	 0.003141	-0.000969	-0.020658	-0.106983
 0.4250	 	 	 	 	-0.103708
 0.4500	 0.000317	-0.018412	-0.001808	-0.012304	-0.087047
 0.4750	 	 	 	 	-0.058435
 0.5000	-0.001027	-0.031693	-0.002006	 0.004946	-0.029089
 0.5250	 	 	 	 	 0.000925
 0.5500	-0.002169	-0.009856	-0.001204	 0.026830	 0.015817
 0.5750	 	 	 	 	 0.012845
 0.6000	-0.001195	 0.044384	 0.000640	 0.044587	-0.010097
 0.6250	 	 	 	 	-0.058499
 0.6500	 0.001523	 0.046366	 0.002773	 0.037462	-0.098032
 0.6750	 	 	 	 	-0.123631
 0.7000	 0.001413	-0.050938	 0.003660	-0.002912	-0.107185
 0.7250	 	 	 	 	-0.034128
 0.7500	-0.002571	-0.076132	 0.001976	-0.060617	 0.038554
 0.7750	 	 	 	 	 0.093102
 0.8000	-0.002495	 0.083115	-0.001814	-0.083866	 0.087611
 0.8250	 	 	 	 	 0.026402
 0.8500	 0.003518	 0.108654	-0.005174	-0.044580	-0.033709
 0.8750	 	 	 	 	-0.066582
 0.9000	 0.002593	-0.143284	-0.004075	 0.088830	-0.005477
 0.9250	 	 	 	 	 0.146284
 0.9500	-0.006898	-0.151229	 0.003688	 0.209448	 0.226934
 0.9750	 	 	 	 	 0.111029
 1.0000	 0.015450	 0.725777	 0.018966	 0.349051	-0.042176


 -------- Mode No.  15  (freq = 0.21193E+02 Hz)

span_loc	flap disp	flap slope	lag disp	lag slope	twist

 0.0000	 0.000000	 0.000000	 0.000000	 0.000000	 0.000000
 0.0250	 	 	 	 	-0.000244
 0.0500	-0.000113	-0.004158	 0.000380	 0.013872	-0.000484
 0.0750	 	 	 	 	-0.000793
 0.1000	-0.000387	-0.006524	 0.001281	 0.021153	-0.001093
 0.1250	 	 	 	 	-0.001747
 0.1500	-0.000738	-0.007033	 0.002408	 0.022272	-0.002409
 0.1750	 	 	 	 	-0.003440
 0.2000	-0.001036	-0.004489	 0.003347	 0.013686	-0.004540
 0.2250	 	 	 	 	-0.006007
 0.2500	-0.001139	 0.000447	 0.003608	-0.003718	-0.007626
 0.2750	 	 	 	 	-0.012815
 0.3000	-0.000948	 0.007000	 0.002827	-0.026826	-0.018415
 0.3250	 	 	 	 	-0.034993
 0.3500	-0.000470	 0.011275	 0.000944	-0.046483	-0.050227
 0.3750	 	 	 	 	-0.063947
 0.4000	 0.000071	 0.009444	-0.001588	-0.051981	-0.072267
 0.4250	 	 	 	 	-0.074749
 0.4500	 0.000354	 0.001459	-0.003906	-0.037666	-0.070163
 0.4750	 	 	 	 	-0.058515
 0.5000	 0.000149	-0.009002	-0.004958	-0.001899	-0.043648
 0.5250	 	 	 	 	-0.023724
 0.5500	-0.000403	-0.011302	-0.003898	 0.045060	-0.007021
 0.5750	 	 	 	 	 0.010596
 0.6000	-0.000637	 0.002371	-0.000488	 0.088948	 0.018408
 0.6250	 	 	 	 	 0.017783
 0.6500	-0.000041	 0.016910	 0.004126	 0.090908	 0.010970
 0.6750	 	 	 	 	 0.000287
 0.7000	 0.000465	 0.000086	 0.007095	 0.024682	-0.002726
 0.7250	 	 	 	 	 0.006274
 0.7500	-0.000190	-0.019542	 0.005111	-0.098830	 0.020636
 0.7750	 	 	 	 	 0.034932
 0.8000	-0.000571	 0.009027	-0.001976	-0.169290	 0.035179
 0.8250	 	 	 	 	 0.018189
 0.8500	 0.000552	 0.025331	-0.009132	-0.102434	-0.003942
 0.8750	 	 	 	 	-0.032389
 0.9000	 0.000545	-0.028545	-0.007273	 0.177712	-0.036239
 0.9250	 	 	 	 	-0.017485
 0.9500	-0.001686	-0.040184	 0.008869	 0.440354	-0.006466
 0.9750	 	 	 	 	-0.054419
 1.0000	 0.002693	 0.148422	 0.041479	 0.741783	-0.098634


 -------- Mode No.  16  (freq = 0.21937E+02 Hz)

span_loc	flap disp	flap slope	lag disp	lag slope	twist

 0.0000	 0.000000	 0.000000	 0.000000	 0.000000	 0.000000
 0.0250	 	 	 	 	-0.000263
 0.0500	 0.000001	 0.000019	 0.000000	 0.000000	-0.000521
 0.0750	 	 	 	 	-0.000850
 0.1000	 0.000001	-0.000026	 0.000000	-0.000011	-0.001159
 0.1250	 	 	 	 	-0.001797
 0.1500	-0.000005	-0.000236	-0.000002	-0.000053	-0.002388
 0.1750	 	 	 	 	-0.003199
 0.2000	-0.000026	-0.000599	-0.000006	-0.000122	-0.003930
 0.2250	 	 	 	 	-0.004725
 0.2500	-0.000066	-0.001026	-0.000014	-0.000198	-0.005431
 0.2750	 	 	 	 	-0.007312
 0.3000	-0.000129	-0.001538	-0.000026	-0.000275	-0.009097
 0.3250	 	 	 	 	-0.014064
 0.3500	-0.000217	-0.002061	-0.000040	-0.000318	-0.018799
 0.3750	 	 	 	 	-0.023847
 0.4000	-0.000330	-0.002498	-0.000056	-0.000308	-0.028521
 0.4250	 	 	 	 	-0.033674
 0.4500	-0.000458	-0.002628	-0.000069	-0.000204	-0.038616
 0.4750	 	 	 	 	-0.044486
 0.5000	-0.000577	-0.002212	-0.000074	 0.000021	-0.050792
 0.5250	 	 	 	 	-0.059525
 0.5500	-0.000668	-0.001651	-0.000066	 0.000275	-0.068515
 0.5750	 	 	 	 	-0.082292
 0.6000	-0.000765	-0.002623	-0.000048	 0.000389	-0.094726
 0.6250	 	 	 	 	-0.110680
 0.6500	-0.000967	-0.005220	-0.000032	 0.000291	-0.123139
 0.6750	 	 	 	 	-0.137679
 0.7000	-0.001193	-0.002915	-0.000019	 0.000225	-0.147384
 0.7250	 	 	 	 	-0.156598
 0.7500	-0.001106	 0.006128	-0.000010	 0.000135	-0.158888
 0.7750	 	 	 	 	-0.151385
 0.8000	-0.000651	 0.010512	-0.000008	-0.000039	-0.132584
 0.8250	 	 	 	 	-0.094395
 0.8500	-0.000179	 0.009193	-0.000012	-0.000085	-0.046419
 0.8750	 	 	 	 	 0.051519
 0.9000	 0.000458	 0.018350	-0.000011	 0.000169	 0.139236
 0.9250	 	 	 	 	 0.238150
 0.9500	 0.001586	 0.023007	 0.000006	 0.000466	 0.301496
 0.9750	 	 	 	 	 0.515934
 1.0000	 0.001483	-0.013246	 0.000041	 0.000801	 0.600044


 -------- Mode No.  17  (freq = 0.24248E+02 Hz)

span_loc	flap disp	flap slope	lag disp	lag slope	twist

 0.0000	 0.000000	 0.000000	 0.000000	 0.000000	 0.000000
 0.0250	 	 	 	 	-0.001451
 0.0500	 0.000131	 0.004799	 0.000036	 0.001308	-0.002862
 0.0750	 	 	 	 	-0.004621
 0.1000	 0.000444	 0.007311	 0.000120	 0.001975	-0.006191
 0.1250	 	 	 	 	-0.009140
 0.1500	 0.000774	 0.005203	 0.000210	 0.001427	-0.011465
 0.1750	 	 	 	 	-0.013745
 0.2000	 0.000850	-0.002508	 0.000233	-0.000614	-0.014621
 0.2250	 	 	 	 	-0.013846
 0.2500	 0.000503	-0.011010	 0.000144	-0.002858	-0.011355
 0.2750	 	 	 	 	-0.000791
 0.3000	-0.000164	-0.014374	-0.000031	-0.003809	 0.010664
 0.3250	 	 	 	 	 0.039357
 0.3500	-0.000691	-0.005384	-0.000180	-0.001887	 0.056579
 0.3750	 	 	 	 	 0.058456
 0.4000	-0.000543	 0.010836	-0.000182	 0.001731	 0.043088
 0.4250	 	 	 	 	 0.010680
 0.4500	 0.000282	 0.019375	-0.000024	 0.004119	-0.025609
 0.4750	 	 	 	 	-0.060881
 0.5000	 0.000901	 0.002209	 0.000154	 0.002550	-0.080575
 0.5250	 	 	 	 	-0.082414
 0.5500	-0.000034	-0.036304	 0.000155	-0.002119	-0.066053
 0.5750	 	 	 	 	-0.029134
 0.6000	-0.002090	-0.033907	-0.000022	-0.004025	-0.003401
 0.6250	 	 	 	 	-0.001873
 0.6500	-0.001598	 0.050405	-0.000133	-0.000592	-0.036898
 0.6750	 	 	 	 	-0.120291
 0.7000	 0.001406	 0.043459	-0.000123	 0.000213	-0.181522
 0.7250	 	 	 	 	-0.201194
 0.7500	 0.000058	-0.085673	-0.000132	 0.000023	-0.148098
 0.7750	 	 	 	 	-0.033825
 0.8000	-0.003575	-0.015749	-0.000056	 0.003181	 0.042711
 0.8250	 	 	 	 	 0.048117
 0.8500	 0.000609	 0.144393	 0.000144	 0.004068	-0.005925
 0.8750	 	 	 	 	-0.091048
 0.9000	 0.003774	-0.061727	 0.000210	-0.001871	-0.057021
 0.9250	 	 	 	 	 0.140671
 0.9500	-0.005307	-0.194872	-0.000073	-0.008634	 0.292127
 0.9750	 	 	 	 	 0.397142
 1.0000	 0.012668	 0.640054	-0.000769	-0.016292	 0.294159


 -------- Mode No.  18  (freq = 0.27879E+02 Hz)

span_loc	flap disp	flap slope	lag disp	lag slope	twist

 0.0000	 0.000000	 0.000000	 0.000000	 0.000000	 0.000000
 0.0250	 	 	 	 	-0.000374
 0.0500	-0.000116	-0.004215	 0.000531	 0.019329	-0.000735
 0.0750	 	 	 	 	-0.001181
 0.1000	-0.000371	-0.005722	 0.001700	 0.026142	-0.001578
 0.1250	 	 	 	 	-0.002338
 0.1500	-0.000624	-0.004033	 0.002833	 0.017303	-0.002972
 0.1750	 	 	 	 	-0.003707
 0.2000	-0.000691	 0.001571	 0.003044	-0.009900	-0.004213
 0.2250	 	 	 	 	-0.004555
 0.2500	-0.000478	 0.006922	 0.001907	-0.035101	-0.004668
 0.2750	 	 	 	 	-0.004656
 0.3000	-0.000039	 0.010394	-0.000202	-0.047530	-0.004609
 0.3250	 	 	 	 	-0.004531
 0.3500	 0.000464	 0.009143	-0.002350	-0.035951	-0.004084
 0.3750	 	 	 	 	-0.002253
 0.4000	 0.000756	 0.002180	-0.003316	-0.001440	 0.001859
 0.4250	 	 	 	 	 0.009874
 0.4500	 0.000620	-0.007278	-0.002332	 0.039776	 0.020315
 0.4750	 	 	 	 	 0.033469
 0.5000	 0.000095	-0.012239	 0.000390	 0.065674	 0.044768
 0.5250	 	 	 	 	 0.053516
 0.5500	-0.000332	-0.003445	 0.003488	 0.054068	 0.054007
 0.5750	 	 	 	 	 0.042304
 0.6000	-0.000029	 0.013147	 0.004709	-0.007672	 0.023886
 0.6250	 	 	 	 	-0.003398
 0.6500	 0.000521	 0.003691	 0.002174	-0.089057	-0.019087
 0.6750	 	 	 	 	-0.020463
 0.7000	 0.000050	-0.017453	-0.003452	-0.122379	-0.007053
 0.7250	 	 	 	 	 0.017085
 0.7500	-0.000367	 0.005738	-0.007528	-0.027474	 0.025005
 0.7750	 	 	 	 	 0.012095
 0.8000	 0.000488	 0.016637	-0.004557	 0.138794	-0.006470
 0.8250	 	 	 	 	-0.015492
 0.8500	 0.000201	-0.025738	 0.004433	 0.195538	-0.004584
 0.8750	 	 	 	 	 0.028110
 0.9000	-0.000771	 0.002890	 0.009580	-0.020093	 0.035061
 0.9250	 	 	 	 	-0.002925
 0.9500	 0.001037	 0.045417	-0.000567	-0.360249	-0.042270
 0.9750	 	 	 	 	-0.098401
 1.0000	-0.002420	-0.131079	-0.035565	-0.846214	-0.083533


 -------- Mode No.  19  (freq = 0.29610E+02 Hz)

span_loc	flap disp	flap slope	lag disp	lag slope	twist

 0.0000	 0.000000	 0.000000	 0.000000	 0.000000	 0.000000
 0.0250	 	 	 	 	-0.001578
 0.0500	 0.000122	 0.004417	 0.000018	 0.000667	-0.003094
 0.0750	 	 	 	 	-0.004928
 0.1000	 0.000397	 0.006104	 0.000061	 0.000945	-0.006478
 0.1250	 	 	 	 	-0.009152
 0.1500	 0.000631	 0.002621	 0.000095	 0.000325	-0.010980
 0.1750	 	 	 	 	-0.012182
 0.2000	 0.000567	-0.005312	 0.000079	-0.000996	-0.011746
 0.2250	 	 	 	 	-0.009305
 0.2500	 0.000131	-0.011462	 0.000001	-0.001970	-0.005435
 0.2750	 	 	 	 	 0.007319
 0.3000	-0.000426	-0.009398	-0.000088	-0.001325	 0.018245
 0.3250	 	 	 	 	 0.036825
 0.3500	-0.000599	 0.002938	-0.000096	 0.001063	 0.037418
 0.3750	 	 	 	 	 0.018235
 0.4000	-0.000152	 0.013073	 0.000006	 0.002646	-0.012390
 0.4250	 	 	 	 	-0.048357
 0.4500	 0.000394	 0.006101	 0.000111	 0.001124	-0.070659
 0.4750	 	 	 	 	-0.073643
 0.5000	 0.000072	-0.017779	 0.000064	-0.002754	-0.056667
 0.5250	 	 	 	 	-0.020893
 0.5500	-0.001083	-0.020814	-0.000121	-0.003734	 0.009798
 0.5750	 	 	 	 	 0.029307
 0.6000	-0.000894	 0.028258	-0.000191	 0.000899	 0.015819
 0.6250	 	 	 	 	-0.034482
 0.6500	 0.001142	 0.031450	-0.000048	 0.003574	-0.074013
 0.6750	 	 	 	 	-0.077398
 0.7000	 0.000329	-0.055712	 0.000077	 0.001578	-0.025249
 0.7250	 	 	 	 	 0.086191
 0.7500	-0.001751	 0.004037	 0.000132	 0.000852	 0.138562
 0.7750	 	 	 	 	 0.097837
 0.8000	 0.001562	 0.085540	 0.000121	-0.001791	 0.009740
 0.8250	 	 	 	 	-0.057470
 0.8500	 0.001621	-0.088797	-0.000055	-0.004651	-0.028555
 0.8750	 	 	 	 	 0.119686
 0.9000	-0.002875	-0.014298	-0.000210	-0.000466	 0.174374
 0.9250	 	 	 	 	 0.027896
 0.9500	 0.003799	 0.183905	-0.000011	 0.007696	-0.154247
 0.9750	 	 	 	 	-0.515469
 1.0000	-0.010061	-0.537213	 0.000758	 0.018701	-0.494694


 -------- Mode No.  20  (freq = 0.31683E+02 Hz)

span_loc	flap disp	flap slope	lag disp	lag slope	twist

 0.0000	 0.000000	 0.000000	 0.000000	 0.000000	 0.000000
 0.0250	 	 	 	 	-0.001129
 0.0500	-0.000006	-0.000237	-0.000002	-0.000083	-0.002209
 0.0750	 	 	 	 	-0.003527
 0.1000	-0.000025	-0.000556	-0.000008	-0.000164	-0.004680
 0.1250	 	 	 	 	-0.006878
 0.1500	-0.000067	-0.001123	-0.000019	-0.000272	-0.008744
 0.1750	 	 	 	 	-0.011036
 0.2000	-0.000137	-0.001682	-0.000035	-0.000344	-0.012845
 0.2250	 	 	 	 	-0.014518
 0.2500	-0.000227	-0.001957	-0.000052	-0.000346	-0.015752
 0.2750	 	 	 	 	-0.018617
 0.3000	-0.000322	-0.001882	-0.000067	-0.000257	-0.021233
 0.3250	 	 	 	 	-0.028498
 0.3500	-0.000413	-0.001879	-0.000077	-0.000161	-0.035228
 0.3750	 	 	 	 	-0.041629
 0.4000	-0.000512	-0.002197	-0.000084	-0.000120	-0.046426
 0.4250	 	 	 	 	-0.050365
 0.4500	-0.000622	-0.002130	-0.000087	-0.000014	-0.053217
 0.4750	 	 	 	 	-0.056640
 0.5000	-0.000696	-0.000840	-0.000081	 0.000256	-0.061278
 0.5250	 	 	 	 	-0.068624
 0.5500	-0.000698	 0.000292	-0.000062	 0.000467	-0.076188
 0.5750	 	 	 	 	-0.086064
 0.6000	-0.000726	-0.001701	-0.000042	 0.000322	-0.092008
 0.6250	 	 	 	 	-0.094610
 0.6500	-0.000832	-0.000942	-0.000031	 0.000195	-0.092543
 0.6750	 	 	 	 	-0.085024
 0.7000	-0.000616	 0.009688	-0.000017	 0.000357	-0.074731
 0.7250	 	 	 	 	-0.051572
 0.7500	 0.000030	 0.013336	-0.000001	 0.000229	-0.020813
 0.7750	 	 	 	 	 0.030845
 0.8000	 0.000473	 0.005673	 0.000003	-0.000016	 0.081595
 0.8250	 	 	 	 	 0.131697
 0.8500	 0.000747	 0.005959	 0.000000	-0.000052	 0.155193
 0.8750	 	 	 	 	 0.149760
 0.9000	 0.000695	-0.011993	-0.000001	-0.000009	 0.109944
 0.9250	 	 	 	 	 0.025047
 0.9500	-0.000694	-0.036030	 0.000000	 0.000068	-0.066671
 0.9750	 	 	 	 	-0.541598
 1.0000	-0.002722	-0.046666	 0.000009	 0.000233	-0.730927
=================================================================================
